app/build/intermediates/manifest_merge_blame_file/debug/processDebugMainManifest/manifest-merger-blame-debug-report.txt
1<?xml version="1.0" encoding="utf-8"?>
2<manifest xmlns:android="http://schemas.android.com/apk/res/android"
3    package="com.mg4.control"
4    android:sharedUserId="android.uid.system"
5    android:versionCode="15"
6    android:versionName="2.6.3" >
7
8    <uses-sdk
9        android:minSdkVersion="28"
10        android:targetSdkVersion="34" />
11
12    <!-- Permissions — same as original DriveHub Dort -->
13    <uses-permission android:name="android.permission.SYSTEM_ALERT_WINDOW" />
13-->src\main\AndroidManifest.xml:6:5-78
13-->src\main\AndroidManifest.xml:6:22-75
14    <uses-permission android:name="android.permission.FOREGROUND_SERVICE" />
14-->src\main\AndroidManifest.xml:7:5-77
14-->src\main\AndroidManifest.xml:7:22-74
15    <uses-permission android:name="android.permission.WAKE_LOCK" />
15-->src\main\AndroidManifest.xml:8:5-68
15-->src\main\AndroidManifest.xml:8:22-65
16    <uses-permission android:name="android.permission.RECEIVE_BOOT_COMPLETED" />
16-->src\main\AndroidManifest.xml:9:5-81
16-->src\main\AndroidManifest.xml:9:22-78
17    <uses-permission android:name="android.permission.WRITE_SETTINGS" />
17-->src\main\AndroidManifest.xml:10:5-73
17-->src\main\AndroidManifest.xml:10:22-70
18    <!-- Vehicle control permissions (Android Automotive / SAIC) -->
19    <uses-permission android:name="android.car.permission.CAR_ENERGY" />
19-->src\main\AndroidManifest.xml:12:5-73
19-->src\main\AndroidManifest.xml:12:22-70
20    <uses-permission android:name="android.car.permission.CAR_POWERTRAIN" />
20-->src\main\AndroidManifest.xml:13:5-77
20-->src\main\AndroidManifest.xml:13:22-74
21    <uses-permission android:name="android.car.permission.CAR_VENDOR_EXTENSION" />
21-->src\main\AndroidManifest.xml:14:5-83
21-->src\main\AndroidManifest.xml:14:22-80
22    <uses-permission android:name="android.car.permission.CONTROL_CAR_CLIMATE" />
22-->src\main\AndroidManifest.xml:15:5-82
22-->src\main\AndroidManifest.xml:15:22-79
23    <!-- [BT-PROFILES] Bluetooth — lecture des appareils appairés et suivi connexions -->
24    <uses-permission android:name="android.permission.BLUETOOTH" />
24-->src\main\AndroidManifest.xml:17:5-68
24-->src\main\AndroidManifest.xml:17:22-65
25    <uses-permission android:name="android.permission.BLUETOOTH_CONNECT" />
25-->src\main\AndroidManifest.xml:18:5-76
25-->src\main\AndroidManifest.xml:18:22-73
26
27    <!-- Mise à jour automatique -->
28    <uses-permission android:name="android.permission.INTERNET" />
28-->src\main\AndroidManifest.xml:21:5-67
28-->src\main\AndroidManifest.xml:21:22-64
29    <uses-permission android:name="android.permission.ACCESS_NETWORK_STATE" />
29-->src\main\AndroidManifest.xml:22:5-79
29-->src\main\AndroidManifest.xml:22:22-76
30    <uses-permission android:name="android.permission.INSTALL_PACKAGES" />
30-->src\main\AndroidManifest.xml:23:5-75
30-->src\main\AndroidManifest.xml:23:22-72
31
32    <permission
32-->[androidx.core:core:1.13.1] AndroidManifest.xml:22:5-24:47
33        android:name="com.mg4.control.DYNAMIC_RECEIVER_NOT_EXPORTED_PERMISSION"
33-->[androidx.core:core:1.13.1] AndroidManifest.xml:23:9-81
34        android:protectionLevel="signature" />
34-->[androidx.core:core:1.13.1] AndroidManifest.xml:24:9-44
35
36    <uses-permission android:name="com.mg4.control.DYNAMIC_RECEIVER_NOT_EXPORTED_PERMISSION" />
36-->[androidx.core:core:1.13.1] AndroidManifest.xml:26:5-97
36-->[androidx.core:core:1.13.1] AndroidManifest.xml:26:22-94
37
38    <application
38-->src\main\AndroidManifest.xml:25:5-82:19
39        android:name="com.mg4.control.MG4App"
39-->src\main\AndroidManifest.xml:26:9-31
40        android:appComponentFactory="androidx.core.app.CoreComponentFactory"
40-->[androidx.core:core:1.13.1] AndroidManifest.xml:28:18-86
41        android:debuggable="true"
42        android:extractNativeLibs="false"
43        android:icon="@mipmap/ic_launcher"
43-->src\main\AndroidManifest.xml:28:9-43
44        android:label="@string/app_name"
44-->src\main\AndroidManifest.xml:27:9-41
45        android:roundIcon="@mipmap/ic_launcher_round"
45-->src\main\AndroidManifest.xml:29:9-54
46        android:supportsRtl="true"
46-->src\main\AndroidManifest.xml:31:9-35
47        android:theme="@style/Theme.MG4Control" >
47-->src\main\AndroidManifest.xml:30:9-48
48        <activity
48-->src\main\AndroidManifest.xml:33:9-42:20
49            android:name="com.mg4.control.MainActivity"
49-->src\main\AndroidManifest.xml:34:13-41
50            android:exported="true"
50-->src\main\AndroidManifest.xml:35:13-36
51            android:screenOrientation="landscape"
51-->src\main\AndroidManifest.xml:36:13-50
52            android:windowSoftInputMode="adjustPan" >
52-->src\main\AndroidManifest.xml:37:13-52
53            <intent-filter>
53-->src\main\AndroidManifest.xml:38:13-41:29
54                <action android:name="android.intent.action.MAIN" />
54-->src\main\AndroidManifest.xml:39:17-69
54-->src\main\AndroidManifest.xml:39:25-66
55
56                <category android:name="android.intent.category.LAUNCHER" />
56-->src\main\AndroidManifest.xml:40:17-77
56-->src\main\AndroidManifest.xml:40:27-74
57            </intent-filter>
58        </activity>
59
60        <service
60-->src\main\AndroidManifest.xml:44:9-47:46
61            android:name="com.mg4.control.service.MG4ControlService"
61-->src\main\AndroidManifest.xml:45:13-54
62            android:directBootAware="true"
62-->src\main\AndroidManifest.xml:47:13-43
63            android:exported="false" />
63-->src\main\AndroidManifest.xml:46:13-37
64
65        <!-- FileProvider pour ouvrir l'APK dans le gestionnaire de fichiers AAOS -->
66        <provider
66-->src\main\AndroidManifest.xml:50:9-58:20
67            android:name="androidx.core.content.FileProvider"
67-->src\main\AndroidManifest.xml:51:13-62
68            android:authorities="com.mg4.control.fileprovider"
68-->src\main\AndroidManifest.xml:52:13-63
69            android:exported="false"
69-->src\main\AndroidManifest.xml:53:13-37
70            android:grantUriPermissions="true" >
70-->src\main\AndroidManifest.xml:54:13-47
71            <meta-data
71-->src\main\AndroidManifest.xml:55:13-57:63
72                android:name="android.support.FILE_PROVIDER_PATHS"
72-->src\main\AndroidManifest.xml:56:17-67
73                android:resource="@xml/file_provider_paths" />
73-->src\main\AndroidManifest.xml:57:17-60
74        </provider>
75
76        <!-- Récepteur résultat d'installation silencieuse -->
77        <receiver
77-->src\main\AndroidManifest.xml:61:9-67:20
78            android:name="com.mg4.control.update.InstallReceiver"
78-->src\main\AndroidManifest.xml:62:13-51
79            android:exported="false" >
79-->src\main\AndroidManifest.xml:63:13-37
80            <intent-filter>
80-->src\main\AndroidManifest.xml:64:13-66:29
81                <action android:name="com.mg4.control.ACTION_INSTALL_STATUS" />
81-->src\main\AndroidManifest.xml:65:17-80
81-->src\main\AndroidManifest.xml:65:25-77
82            </intent-filter>
83        </receiver>
84        <receiver
84-->src\main\AndroidManifest.xml:69:9-80:20
85            android:name="com.mg4.control.receiver.BootReceiver"
85-->src\main\AndroidManifest.xml:70:13-50
86            android:directBootAware="true"
86-->src\main\AndroidManifest.xml:72:13-43
87            android:exported="true"
87-->src\main\AndroidManifest.xml:71:13-36
88            android:priority="1000" >
88-->src\main\AndroidManifest.xml:73:13-36
89            <intent-filter>
89-->src\main\AndroidManifest.xml:74:13-79:29
90                <action android:name="android.intent.action.BOOT_COMPLETED" />
90-->src\main\AndroidManifest.xml:75:17-79
90-->src\main\AndroidManifest.xml:75:25-76
91                <action android:name="android.intent.action.LOCKED_BOOT_COMPLETED" />
91-->src\main\AndroidManifest.xml:76:17-86
91-->src\main\AndroidManifest.xml:76:25-83
92                <action android:name="android.intent.action.QUICKBOOT_POWERON" />
92-->src\main\AndroidManifest.xml:77:17-82
92-->src\main\AndroidManifest.xml:77:25-79
93                <action android:name="com.htc.intent.action.QUICKBOOT_POWERON" />
93-->src\main\AndroidManifest.xml:78:17-82
93-->src\main\AndroidManifest.xml:78:25-79
94            </intent-filter>
95        </receiver>
96
97        <provider
97-->[androidx.emoji2:emoji2:1.3.0] AndroidManifest.xml:24:9-32:20
98            android:name="androidx.startup.InitializationProvider"
98-->[androidx.emoji2:emoji2:1.3.0] AndroidManifest.xml:25:13-67
99            android:authorities="com.mg4.control.androidx-startup"
99-->[androidx.emoji2:emoji2:1.3.0] AndroidManifest.xml:26:13-68
100            android:exported="false" >
100-->[androidx.emoji2:emoji2:1.3.0] AndroidManifest.xml:27:13-37
101            <meta-data
101-->[androidx.emoji2:emoji2:1.3.0] AndroidManifest.xml:29:13-31:52
102                android:name="androidx.emoji2.text.EmojiCompatInitializer"
102-->[androidx.emoji2:emoji2:1.3.0] AndroidManifest.xml:30:17-75
103                android:value="androidx.startup" />
103-->[androidx.emoji2:emoji2:1.3.0] AndroidManifest.xml:31:17-49
104            <meta-data
104-->[androidx.lifecycle:lifecycle-process:2.8.6] AndroidManifest.xml:29:13-31:52
105                android:name="androidx.lifecycle.ProcessLifecycleInitializer"
105-->[androidx.lifecycle:lifecycle-process:2.8.6] AndroidManifest.xml:30:17-78
106                android:value="androidx.startup" />
106-->[androidx.lifecycle:lifecycle-process:2.8.6] AndroidManifest.xml:31:17-49
107            <meta-data
107-->[androidx.profileinstaller:profileinstaller:1.3.1] AndroidManifest.xml:29:13-31:52
108                android:name="androidx.profileinstaller.ProfileInstallerInitializer"
108-->[androidx.profileinstaller:profileinstaller:1.3.1] AndroidManifest.xml:30:17-85
109                android:value="androidx.startup" />
109-->[androidx.profileinstaller:profileinstaller:1.3.1] AndroidManifest.xml:31:17-49
110        </provider>
111
112        <uses-library
112-->[androidx.window:window:1.0.0] AndroidManifest.xml:25:9-27:40
113            android:name="androidx.window.extensions"
113-->[androidx.window:window:1.0.0] AndroidManifest.xml:26:13-54
114            android:required="false" />
114-->[androidx.window:window:1.0.0] AndroidManifest.xml:27:13-37
115        <uses-library
115-->[androidx.window:window:1.0.0] AndroidManifest.xml:28:9-30:40
116            android:name="androidx.window.sidecar"
116-->[androidx.window:window:1.0.0] AndroidManifest.xml:29:13-51
117            android:required="false" />
117-->[androidx.window:window:1.0.0] AndroidManifest.xml:30:13-37
118
119        <receiver
119-->[androidx.profileinstaller:profileinstaller:1.3.1] AndroidManifest.xml:34:9-52:20
120            android:name="androidx.profileinstaller.ProfileInstallReceiver"
120-->[androidx.profileinstaller:profileinstaller:1.3.1] AndroidManifest.xml:35:13-76
121            android:directBootAware="false"
121-->[androidx.profileinstaller:profileinstaller:1.3.1] AndroidManifest.xml:36:13-44
122            android:enabled="true"
122-->[androidx.profileinstaller:profileinstaller:1.3.1] AndroidManifest.xml:37:13-35
123            android:exported="true"
123-->[androidx.profileinstaller:profileinstaller:1.3.1] AndroidManifest.xml:38:13-36
124            android:permission="android.permission.DUMP" >
124-->[androidx.profileinstaller:profileinstaller:1.3.1] AndroidManifest.xml:39:13-57
125            <intent-filter>
125-->[androidx.profileinstaller:profileinstaller:1.3.1] AndroidManifest.xml:40:13-42:29
126                <action android:name="androidx.profileinstaller.action.INSTALL_PROFILE" />
126-->[androidx.profileinstaller:profileinstaller:1.3.1] AndroidManifest.xml:41:17-91
126-->[androidx.profileinstaller:profileinstaller:1.3.1] AndroidManifest.xml:41:25-88
127            </intent-filter>
128            <intent-filter>
128-->[androidx.profileinstaller:profileinstaller:1.3.1] AndroidManifest.xml:43:13-45:29
129                <action android:name="androidx.profileinstaller.action.SKIP_FILE" />
129-->[androidx.profileinstaller:profileinstaller:1.3.1] AndroidManifest.xml:44:17-85
129-->[androidx.profileinstaller:profileinstaller:1.3.1] AndroidManifest.xml:44:25-82
130            </intent-filter>
131            <intent-filter>
131-->[androidx.profileinstaller:profileinstaller:1.3.1] AndroidManifest.xml:46:13-48:29
132                <action android:name="androidx.profileinstaller.action.SAVE_PROFILE" />
132-->[androidx.profileinstaller:profileinstaller:1.3.1] AndroidManifest.xml:47:17-88
132-->[androidx.profileinstaller:profileinstaller:1.3.1] AndroidManifest.xml:47:25-85
133            </intent-filter>
134            <intent-filter>
134-->[androidx.profileinstaller:profileinstaller:1.3.1] AndroidManifest.xml:49:13-51:29
135                <action android:name="androidx.profileinstaller.action.BENCHMARK_OPERATION" />
135-->[androidx.profileinstaller:profileinstaller:1.3.1] AndroidManifest.xml:50:17-95
135-->[androidx.profileinstaller:profileinstaller:1.3.1] AndroidManifest.xml:50:25-92
136            </intent-filter>
137        </receiver>
138    </application>
139
140</manifest>